<?xml version="1.0" encoding="utf-8" standalone="no"?>
<!--This file represents the results of running a test suite-->
<test-results name="C:\Users\sivab\source\repos\SQAAssignment01\SQAAssignment01\bin\Debug\SQAAssignment01.exe" total="0" errors="0" failures="0" not-run="0" inconclusive="0" ignored="0" skipped="0" invalid="0" date="2020-02-06" time="19:48:19">
  <environment nunit-version="2.6.4.14350" clr-version="2.0.50727.9148" os-version="Microsoft Windows NT 6.2.9200.0" platform="Win32NT" cwd="C:\Program Files (x86)\NUnit 2.6.4\bin" machine-name="SIVA-BALUSUHP15" user="sivab" user-domain="SIVA-BALUSUHP15" />
  <culture-info current-culture="en-CA" current-uiculture="en-US" />
  <test-suite type="Assembly" name="C:\Users\sivab\source\repos\SQAAssignment01\SQAAssignment01\bin\Debug\SQAAssignment01.exe" executed="True" result="Inconclusive" success="False" time="0.017" asserts="0" />
</test-results>